mode: set
github.com/heathcliff26/go-minesweeper/cmd/app/log.go:14.13,17.2 2 0
github.com/heathcliff26/go-minesweeper/cmd/app/log.go:19.25,21.9 2 0
github.com/heathcliff26/go-minesweeper/cmd/app/log.go:22.16,23.29 1 0
github.com/heathcliff26/go-minesweeper/cmd/app/log.go:24.15,25.28 1 0
github.com/heathcliff26/go-minesweeper/cmd/app/log.go:26.10,27.29 1 0
github.com/heathcliff26/go-minesweeper/cmd/app/log.go:30.2,34.25 3 0
github.com/heathcliff26/go-minesweeper/cmd/app/main.go:9.13,15.2 4 0
github.com/heathcliff26/go-minesweeper/cmd/log-parser/main.go:17.13,21.2 3 0
github.com/heathcliff26/go-minesweeper/cmd/log-parser/main.go:23.13,25.11 2 0
github.com/heathcliff26/go-minesweeper/cmd/log-parser/main.go:25.11,28.3 2 0
github.com/heathcliff26/go-minesweeper/cmd/log-parser/main.go:29.2,29.17 1 0
github.com/heathcliff26/go-minesweeper/cmd/log-parser/main.go:29.17,32.3 2 0
github.com/heathcliff26/go-minesweeper/cmd/log-parser/main.go:33.2,33.18 1 0
github.com/heathcliff26/go-minesweeper/cmd/log-parser/main.go:33.18,36.3 2 0
github.com/heathcliff26/go-minesweeper/cmd/log-parser/main.go:37.2,38.16 2 0
github.com/heathcliff26/go-minesweeper/cmd/log-parser/main.go:38.16,41.3 2 0
github.com/heathcliff26/go-minesweeper/cmd/log-parser/main.go:42.2,46.32 4 0
github.com/heathcliff26/go-minesweeper/cmd/log-parser/main.go:46.32,48.17 2 0
github.com/heathcliff26/go-minesweeper/cmd/log-parser/main.go:48.17,51.4 2 0
github.com/heathcliff26/go-minesweeper/cmd/log-parser/main.go:52.3,53.17 2 0
github.com/heathcliff26/go-minesweeper/cmd/log-parser/main.go:53.17,56.4 2 0
github.com/heathcliff26/go-minesweeper/cmd/log-parser/main.go:58.3,58.34 1 0
github.com/heathcliff26/go-minesweeper/cmd/log-parser/main.go:60.2,63.16 3 0
github.com/heathcliff26/go-minesweeper/cmd/log-parser/main.go:63.16,66.3 2 0
github.com/heathcliff26/go-minesweeper/cmd/log-parser/main.go:68.2,69.16 2 0
github.com/heathcliff26/go-minesweeper/cmd/log-parser/main.go:69.16,72.3 2 0
github.com/heathcliff26/go-minesweeper/cmd/log-parser/main.go:73.2,73.27 1 0
github.com/heathcliff26/go-minesweeper/pkg/utils/utils.go:4.36,5.20 1 1
github.com/heathcliff26/go-minesweeper/pkg/utils/utils.go:5.20,7.3 1 1
github.com/heathcliff26/go-minesweeper/pkg/utils/utils.go:9.2,12.25 3 1
github.com/heathcliff26/go-minesweeper/pkg/utils/utils.go:12.25,14.3 1 1
github.com/heathcliff26/go-minesweeper/pkg/utils/utils.go:15.2,15.15 1 1
github.com/heathcliff26/go-minesweeper/pkg/app/filedialog/dialog.go:22.87,26.66 4 0
github.com/heathcliff26/go-minesweeper/pkg/app/filedialog/dialog.go:26.66,28.17 2 0
github.com/heathcliff26/go-minesweeper/pkg/app/filedialog/dialog.go:28.17,31.4 2 0
github.com/heathcliff26/go-minesweeper/pkg/app/filedialog/dialog.go:32.3,32.17 1 0
github.com/heathcliff26/go-minesweeper/pkg/app/filedialog/dialog.go:32.17,35.4 2 0
github.com/heathcliff26/go-minesweeper/pkg/app/filedialog/dialog.go:37.3,37.48 1 0
github.com/heathcliff26/go-minesweeper/pkg/app/filedialog/dialog.go:40.2,41.16 2 0
github.com/heathcliff26/go-minesweeper/pkg/app/filedialog/dialog.go:41.16,43.3 1 0
github.com/heathcliff26/go-minesweeper/pkg/app/filedialog/dialog.go:45.2,45.23 1 0
github.com/heathcliff26/go-minesweeper/pkg/app/filedialog/dialog.go:45.23,46.13 1 0
github.com/heathcliff26/go-minesweeper/pkg/app/filedialog/dialog.go:46.13,48.4 1 0
github.com/heathcliff26/go-minesweeper/pkg/app/filedialog/dialog.go:49.3,49.27 1 0
github.com/heathcliff26/go-minesweeper/pkg/app/filedialog/dialog.go:52.2,53.34 2 0
github.com/heathcliff26/go-minesweeper/pkg/app/filedialog/dialog.go:57.87,61.67 4 0
github.com/heathcliff26/go-minesweeper/pkg/app/filedialog/dialog.go:61.67,63.17 2 0
github.com/heathcliff26/go-minesweeper/pkg/app/filedialog/dialog.go:63.17,66.4 2 0
github.com/heathcliff26/go-minesweeper/pkg/app/filedialog/dialog.go:67.3,67.17 1 0
github.com/heathcliff26/go-minesweeper/pkg/app/filedialog/dialog.go:67.17,70.4 2 0
github.com/heathcliff26/go-minesweeper/pkg/app/filedialog/dialog.go:72.3,73.14 2 0
github.com/heathcliff26/go-minesweeper/pkg/app/filedialog/dialog.go:76.2,77.16 2 0
github.com/heathcliff26/go-minesweeper/pkg/app/filedialog/dialog.go:77.16,79.3 1 0
github.com/heathcliff26/go-minesweeper/pkg/app/filedialog/dialog.go:81.2,81.23 1 0
github.com/heathcliff26/go-minesweeper/pkg/app/filedialog/dialog.go:81.23,82.13 1 0
github.com/heathcliff26/go-minesweeper/pkg/app/filedialog/dialog.go:82.13,84.4 1 0
github.com/heathcliff26/go-minesweeper/pkg/app/filedialog/dialog.go:85.3,85.27 1 0
github.com/heathcliff26/go-minesweeper/pkg/app/filedialog/dialog.go:88.2,89.34 2 0
github.com/heathcliff26/go-minesweeper/pkg/app/filedialog/dialog.go:95.69,97.16 2 0
github.com/heathcliff26/go-minesweeper/pkg/app/filedialog/dialog.go:97.16,99.3 1 0
github.com/heathcliff26/go-minesweeper/pkg/app/filedialog/dialog.go:100.2,101.16 2 0
github.com/heathcliff26/go-minesweeper/pkg/app/filedialog/dialog.go:101.16,103.3 1 0
github.com/heathcliff26/go-minesweeper/pkg/app/filedialog/dialog.go:104.2,106.12 2 0
github.com/heathcliff26/go-minesweeper/pkg/app/filedialog/dialog.go:109.107,112.25 2 0
github.com/heathcliff26/go-minesweeper/pkg/app/filedialog/dialog.go:112.25,114.17 2 0
github.com/heathcliff26/go-minesweeper/pkg/app/filedialog/dialog.go:114.17,116.4 1 0
github.com/heathcliff26/go-minesweeper/pkg/app/filedialog/dialog.go:117.3,117.22 1 0
github.com/heathcliff26/go-minesweeper/pkg/app/filedialog/dialog.go:119.2,120.16 2 0
github.com/heathcliff26/go-minesweeper/pkg/app/filedialog/dialog.go:120.16,122.3 1 0
github.com/heathcliff26/go-minesweeper/pkg/app/filedialog/dialog.go:124.2,124.23 1 0
github.com/heathcliff26/go-minesweeper/pkg/app/filedialog/dialog.go:124.23,126.3 1 0
github.com/heathcliff26/go-minesweeper/pkg/app/filedialog/dialog.go:128.2,134.12 6 0
github.com/heathcliff26/go-minesweeper/tests/performance/main.go:24.13,29.2 4 0
github.com/heathcliff26/go-minesweeper/tests/performance/main.go:31.13,33.11 2 0
github.com/heathcliff26/go-minesweeper/tests/performance/main.go:33.11,36.3 2 0
github.com/heathcliff26/go-minesweeper/tests/performance/main.go:38.2,41.91 3 0
github.com/heathcliff26/go-minesweeper/tests/performance/main.go:41.91,42.23 1 0
github.com/heathcliff26/go-minesweeper/tests/performance/main.go:42.23,44.4 1 0
github.com/heathcliff26/go-minesweeper/tests/performance/main.go:46.2,46.92 1 0
github.com/heathcliff26/go-minesweeper/tests/performance/main.go:46.92,47.23 1 0
github.com/heathcliff26/go-minesweeper/tests/performance/main.go:47.23,49.4 1 0
github.com/heathcliff26/go-minesweeper/tests/performance/main.go:52.2,52.76 1 0
github.com/heathcliff26/go-minesweeper/tests/performance/main.go:56.86,65.48 6 0
github.com/heathcliff26/go-minesweeper/tests/performance/main.go:65.48,66.38 1 0
github.com/heathcliff26/go-minesweeper/tests/performance/main.go:66.38,68.4 1 0
github.com/heathcliff26/go-minesweeper/tests/performance/main.go:69.3,69.38 1 0
github.com/heathcliff26/go-minesweeper/tests/performance/main.go:69.38,72.4 2 0
github.com/heathcliff26/go-minesweeper/tests/performance/main.go:74.2,74.28 1 0
github.com/heathcliff26/go-minesweeper/tests/performance/main.go:74.28,76.3 1 0
github.com/heathcliff26/go-minesweeper/tests/performance/main.go:77.2,77.28 1 0
github.com/heathcliff26/go-minesweeper/tests/performance/main.go:77.28,80.3 2 0
github.com/heathcliff26/go-minesweeper/tests/performance/main.go:82.2,85.23 4 0
github.com/heathcliff26/go-minesweeper/tests/performance/main.go:85.23,87.35 2 0
github.com/heathcliff26/go-minesweeper/tests/performance/main.go:87.35,89.38 2 0
github.com/heathcliff26/go-minesweeper/tests/performance/main.go:89.38,91.5 1 0
github.com/heathcliff26/go-minesweeper/tests/performance/main.go:91.10,93.5 1 0
github.com/heathcliff26/go-minesweeper/tests/performance/main.go:95.3,95.45 1 0
github.com/heathcliff26/go-minesweeper/tests/performance/main.go:95.45,97.4 1 0
github.com/heathcliff26/go-minesweeper/tests/performance/main.go:99.2,100.15 2 0
github.com/heathcliff26/go-minesweeper/tests/performance/main.go:103.48,107.2 3 0
github.com/heathcliff26/go-minesweeper/tests/performance/main.go:109.85,112.28 2 0
github.com/heathcliff26/go-minesweeper/tests/performance/main.go:112.28,114.3 1 0
github.com/heathcliff26/go-minesweeper/tests/performance/main.go:115.2,116.33 2 0
github.com/heathcliff26/go-minesweeper/tests/performance/main.go:116.33,118.14 2 0
github.com/heathcliff26/go-minesweeper/tests/performance/main.go:118.14,120.4 1 0
github.com/heathcliff26/go-minesweeper/tests/performance/main.go:121.3,121.14 1 0
github.com/heathcliff26/go-minesweeper/tests/performance/main.go:121.14,123.4 1 0
github.com/heathcliff26/go-minesweeper/tests/performance/main.go:125.2,126.8 2 0
github.com/heathcliff26/go-minesweeper/tests/performance/main.go:129.38,131.2 1 0
github.com/heathcliff26/go-minesweeper/tests/performance/main.go:133.50,135.16 2 0
github.com/heathcliff26/go-minesweeper/tests/performance/main.go:135.16,138.3 2 0
github.com/heathcliff26/go-minesweeper/tests/performance/main.go:139.2,142.16 3 0
github.com/heathcliff26/go-minesweeper/tests/performance/main.go:142.16,145.3 2 0
github.com/heathcliff26/go-minesweeper/tests/performance/main.go:146.2,148.16 3 0
github.com/heathcliff26/go-minesweeper/tests/performance/main.go:148.16,151.3 2 0
github.com/heathcliff26/go-minesweeper/tests/performance/main.go:153.2,154.32 2 0
github.com/heathcliff26/go-minesweeper/tests/performance/main.go:154.32,158.34 4 0
github.com/heathcliff26/go-minesweeper/tests/performance/main.go:158.34,160.4 1 0
github.com/heathcliff26/go-minesweeper/tests/performance/main.go:162.2,162.26 1 0
github.com/heathcliff26/go-minesweeper/pkg/minesweeper/difficulty.go:53.34,57.2 3 1
github.com/heathcliff26/go-minesweeper/pkg/minesweeper/difficulty.go:59.67,60.118 1 1
github.com/heathcliff26/go-minesweeper/pkg/minesweeper/difficulty.go:60.118,62.3 1 1
github.com/heathcliff26/go-minesweeper/pkg/minesweeper/difficulty.go:63.2,63.96 1 1
github.com/heathcliff26/go-minesweeper/pkg/minesweeper/difficulty.go:63.96,65.3 1 1
github.com/heathcliff26/go-minesweeper/pkg/minesweeper/difficulty.go:66.2,71.8 1 1
github.com/heathcliff26/go-minesweeper/pkg/minesweeper/errors.go:10.52,12.2 1 1
github.com/heathcliff26/go-minesweeper/pkg/minesweeper/errors.go:14.49,16.2 1 0
github.com/heathcliff26/go-minesweeper/pkg/minesweeper/errors.go:22.49,24.2 1 1
github.com/heathcliff26/go-minesweeper/pkg/minesweeper/errors.go:26.49,28.2 1 0
github.com/heathcliff26/go-minesweeper/pkg/minesweeper/game.go:63.41,70.2 1 1
github.com/heathcliff26/go-minesweeper/pkg/minesweeper/game.go:73.52,76.29 2 1
github.com/heathcliff26/go-minesweeper/pkg/minesweeper/game.go:76.29,78.3 1 1
github.com/heathcliff26/go-minesweeper/pkg/minesweeper/game.go:80.2,82.10 2 1
github.com/heathcliff26/go-minesweeper/pkg/minesweeper/game.go:86.57,90.2 2 1
github.com/heathcliff26/go-minesweeper/pkg/minesweeper/game.go:93.58,97.2 2 1
github.com/heathcliff26/go-minesweeper/pkg/minesweeper/game.go:100.54,105.29 4 1
github.com/heathcliff26/go-minesweeper/pkg/minesweeper/game.go:105.29,109.41 3 1
github.com/heathcliff26/go-minesweeper/pkg/minesweeper/game.go:109.41,110.9 1 1
github.com/heathcliff26/go-minesweeper/pkg/minesweeper/game.go:113.2,113.13 1 1
github.com/heathcliff26/go-minesweeper/pkg/minesweeper/game.go:113.13,115.3 1 1
github.com/heathcliff26/go-minesweeper/pkg/minesweeper/game.go:115.8,117.3 1 0
github.com/heathcliff26/go-minesweeper/pkg/minesweeper/game.go:119.2,119.26 1 1
github.com/heathcliff26/go-minesweeper/pkg/minesweeper/game.go:124.55,125.54 1 1
github.com/heathcliff26/go-minesweeper/pkg/minesweeper/game.go:125.54,127.3 1 1
github.com/heathcliff26/go-minesweeper/pkg/minesweeper/game.go:129.2,131.39 2 1
github.com/heathcliff26/go-minesweeper/pkg/minesweeper/game.go:131.39,134.3 2 1
github.com/heathcliff26/go-minesweeper/pkg/minesweeper/game.go:136.2,138.31 2 1
github.com/heathcliff26/go-minesweeper/pkg/minesweeper/game.go:143.40,148.36 3 1
github.com/heathcliff26/go-minesweeper/pkg/minesweeper/game.go:148.36,150.3 1 1
github.com/heathcliff26/go-minesweeper/pkg/minesweeper/game.go:152.2,154.26 2 1
github.com/heathcliff26/go-minesweeper/pkg/minesweeper/game.go:154.26,155.27 1 1
github.com/heathcliff26/go-minesweeper/pkg/minesweeper/game.go:155.27,156.24 1 1
github.com/heathcliff26/go-minesweeper/pkg/minesweeper/game.go:156.24,157.13 1 1
github.com/heathcliff26/go-minesweeper/pkg/minesweeper/game.go:159.4,160.24 2 1
github.com/heathcliff26/go-minesweeper/pkg/minesweeper/game.go:160.24,161.13 1 1
github.com/heathcliff26/go-minesweeper/pkg/minesweeper/game.go:163.4,163.34 1 1
github.com/heathcliff26/go-minesweeper/pkg/minesweeper/game.go:163.34,165.5 1 1
github.com/heathcliff26/go-minesweeper/pkg/minesweeper/game.go:171.45,172.14 1 1
github.com/heathcliff26/go-minesweeper/pkg/minesweeper/game.go:172.14,174.3 1 1
github.com/heathcliff26/go-minesweeper/pkg/minesweeper/game.go:175.2,175.37 1 1
github.com/heathcliff26/go-minesweeper/pkg/minesweeper/game.go:179.38,181.2 1 1
github.com/heathcliff26/go-minesweeper/pkg/minesweeper/game.go:185.44,186.21 1 1
github.com/heathcliff26/go-minesweeper/pkg/minesweeper/game.go:186.21,193.3 1 1
github.com/heathcliff26/go-minesweeper/pkg/minesweeper/game.go:194.2,199.29 4 1
github.com/heathcliff26/go-minesweeper/pkg/minesweeper/game.go:199.29,201.51 2 1
github.com/heathcliff26/go-minesweeper/pkg/minesweeper/game.go:201.51,203.4 1 1
github.com/heathcliff26/go-minesweeper/pkg/minesweeper/game.go:203.9,205.4 1 1
github.com/heathcliff26/go-minesweeper/pkg/minesweeper/game.go:206.3,206.62 1 1
github.com/heathcliff26/go-minesweeper/pkg/minesweeper/game.go:206.62,208.4 1 1
github.com/heathcliff26/go-minesweeper/pkg/minesweeper/game.go:211.2,211.22 1 1
github.com/heathcliff26/go-minesweeper/pkg/minesweeper/game.go:211.22,213.41 2 1
github.com/heathcliff26/go-minesweeper/pkg/minesweeper/game.go:213.41,215.4 1 1
github.com/heathcliff26/go-minesweeper/pkg/minesweeper/game.go:218.2,221.17 3 1
github.com/heathcliff26/go-minesweeper/pkg/minesweeper/game.go:225.33,227.2 1 1
github.com/heathcliff26/go-minesweeper/pkg/minesweeper/game.go:230.32,232.2 1 1
github.com/heathcliff26/go-minesweeper/pkg/minesweeper/game.go:235.30,241.29 5 1
github.com/heathcliff26/go-minesweeper/pkg/minesweeper/game.go:241.29,243.3 1 1
github.com/heathcliff26/go-minesweeper/pkg/minesweeper/game.go:247.37,249.2 1 1
github.com/heathcliff26/go-minesweeper/pkg/minesweeper/game.go:252.45,255.2 2 1
github.com/heathcliff26/go-minesweeper/pkg/minesweeper/game.go:258.49,260.2 1 1
github.com/heathcliff26/go-minesweeper/pkg/minesweeper/game.go:263.49,265.26 2 1
github.com/heathcliff26/go-minesweeper/pkg/minesweeper/game.go:265.26,266.27 1 1
github.com/heathcliff26/go-minesweeper/pkg/minesweeper/game.go:266.27,267.43 1 1
github.com/heathcliff26/go-minesweeper/pkg/minesweeper/game.go:267.43,268.13 1 1
github.com/heathcliff26/go-minesweeper/pkg/minesweeper/game.go:270.4,270.45 1 1
github.com/heathcliff26/go-minesweeper/pkg/minesweeper/game.go:270.45,272.5 1 1
github.com/heathcliff26/go-minesweeper/pkg/minesweeper/game.go:275.2,275.10 1 1
github.com/heathcliff26/go-minesweeper/pkg/minesweeper/game.go:279.38,282.29 2 1
github.com/heathcliff26/go-minesweeper/pkg/minesweeper/game.go:282.29,283.36 1 1
github.com/heathcliff26/go-minesweeper/pkg/minesweeper/game.go:283.36,285.4 1 1
github.com/heathcliff26/go-minesweeper/pkg/minesweeper/game.go:287.2,287.14 1 1
github.com/heathcliff26/go-minesweeper/pkg/minesweeper/game.go:291.45,292.29 1 1
github.com/heathcliff26/go-minesweeper/pkg/minesweeper/game.go:292.29,293.36 1 1
github.com/heathcliff26/go-minesweeper/pkg/minesweeper/game.go:293.36,295.4 1 1
github.com/heathcliff26/go-minesweeper/pkg/minesweeper/game.go:297.3,297.73 1 1
github.com/heathcliff26/go-minesweeper/pkg/minesweeper/save.go:26.46,33.16 3 1
github.com/heathcliff26/go-minesweeper/pkg/minesweeper/save.go:33.16,35.3 1 0
github.com/heathcliff26/go-minesweeper/pkg/minesweeper/save.go:36.2,41.8 2 1
github.com/heathcliff26/go-minesweeper/pkg/minesweeper/save.go:45.43,47.16 2 1
github.com/heathcliff26/go-minesweeper/pkg/minesweeper/save.go:47.16,49.3 1 0
github.com/heathcliff26/go-minesweeper/pkg/minesweeper/save.go:51.2,53.16 3 1
github.com/heathcliff26/go-minesweeper/pkg/minesweeper/save.go:53.16,55.3 1 0
github.com/heathcliff26/go-minesweeper/pkg/minesweeper/save.go:57.2,57.19 1 1
github.com/heathcliff26/go-minesweeper/pkg/minesweeper/save.go:62.40,63.45 1 1
github.com/heathcliff26/go-minesweeper/pkg/minesweeper/save.go:63.45,65.3 1 1
github.com/heathcliff26/go-minesweeper/pkg/minesweeper/save.go:67.2,68.16 2 1
github.com/heathcliff26/go-minesweeper/pkg/minesweeper/save.go:68.16,70.3 1 0
github.com/heathcliff26/go-minesweeper/pkg/minesweeper/save.go:72.2,72.39 1 1
github.com/heathcliff26/go-minesweeper/pkg/minesweeper/save.go:77.34,80.33 2 1
github.com/heathcliff26/go-minesweeper/pkg/minesweeper/save.go:80.33,82.3 1 1
github.com/heathcliff26/go-minesweeper/pkg/minesweeper/save.go:84.2,88.10 3 1
github.com/heathcliff26/go-minesweeper/pkg/minesweeper/status.go:34.34,36.2 1 1
github.com/heathcliff26/go-minesweeper/pkg/minesweeper/status.go:39.33,41.2 1 1
github.com/heathcliff26/go-minesweeper/pkg/minesweeper/status.go:44.39,48.23 3 1
github.com/heathcliff26/go-minesweeper/pkg/minesweeper/status.go:48.23,50.3 1 1
github.com/heathcliff26/go-minesweeper/pkg/minesweeper/status.go:51.2,51.24 1 1
github.com/heathcliff26/go-minesweeper/pkg/minesweeper/status.go:55.41,59.23 3 1
github.com/heathcliff26/go-minesweeper/pkg/minesweeper/status.go:59.23,61.3 1 1
github.com/heathcliff26/go-minesweeper/pkg/minesweeper/status.go:62.2,62.26 1 1
github.com/heathcliff26/go-minesweeper/pkg/minesweeper/status.go:66.34,67.34 1 1
github.com/heathcliff26/go-minesweeper/pkg/minesweeper/status.go:67.34,69.3 1 1
github.com/heathcliff26/go-minesweeper/pkg/minesweeper/status.go:71.2,72.54 2 1
github.com/heathcliff26/go-minesweeper/pkg/minesweeper/status.go:72.54,74.3 1 1
github.com/heathcliff26/go-minesweeper/pkg/minesweeper/status.go:75.2,75.28 1 1
github.com/heathcliff26/go-minesweeper/pkg/minesweeper/status.go:75.28,77.3 1 1
github.com/heathcliff26/go-minesweeper/pkg/minesweeper/status.go:78.2,79.38 2 1
github.com/heathcliff26/go-minesweeper/pkg/minesweeper/status.go:79.38,80.33 1 1
github.com/heathcliff26/go-minesweeper/pkg/minesweeper/status.go:80.33,82.4 1 1
github.com/heathcliff26/go-minesweeper/pkg/minesweeper/status.go:84.2,89.80 5 1
github.com/heathcliff26/go-minesweeper/pkg/minesweeper/status.go:89.80,93.28 4 1
github.com/heathcliff26/go-minesweeper/pkg/minesweeper/status.go:93.28,94.60 1 1
github.com/heathcliff26/go-minesweeper/pkg/minesweeper/status.go:94.60,96.5 1 1
github.com/heathcliff26/go-minesweeper/pkg/minesweeper/status.go:98.4,102.28 5 1
github.com/heathcliff26/go-minesweeper/pkg/minesweeper/status.go:102.28,103.29 1 1
github.com/heathcliff26/go-minesweeper/pkg/minesweeper/status.go:103.29,105.38 2 1
github.com/heathcliff26/go-minesweeper/pkg/minesweeper/status.go:105.38,106.15 1 1
github.com/heathcliff26/go-minesweeper/pkg/minesweeper/status.go:108.6,108.36 1 1
github.com/heathcliff26/go-minesweeper/pkg/minesweeper/status.go:108.36,110.46 2 1
github.com/heathcliff26/go-minesweeper/pkg/minesweeper/status.go:110.46,112.8 1 1
github.com/heathcliff26/go-minesweeper/pkg/minesweeper/status.go:112.13,112.56 1 1
github.com/heathcliff26/go-minesweeper/pkg/minesweeper/status.go:112.56,114.8 1 1
github.com/heathcliff26/go-minesweeper/pkg/minesweeper/status.go:114.13,116.8 1 1
github.com/heathcliff26/go-minesweeper/pkg/minesweeper/status.go:120.4,120.24 1 1
github.com/heathcliff26/go-minesweeper/pkg/minesweeper/status.go:120.24,122.5 1 1
github.com/heathcliff26/go-minesweeper/pkg/minesweeper/status.go:123.4,123.84 1 1
github.com/heathcliff26/go-minesweeper/pkg/minesweeper/status.go:123.84,132.5 2 1
github.com/heathcliff26/go-minesweeper/pkg/minesweeper/status.go:132.10,132.82 1 1
github.com/heathcliff26/go-minesweeper/pkg/minesweeper/status.go:132.82,141.5 2 1
github.com/heathcliff26/go-minesweeper/pkg/minesweeper/status.go:145.2,145.161 1 1
github.com/heathcliff26/go-minesweeper/pkg/minesweeper/utils.go:16.27,18.2 1 1
github.com/heathcliff26/go-minesweeper/pkg/minesweeper/utils.go:21.36,23.2 1 1
github.com/heathcliff26/go-minesweeper/pkg/minesweeper/utils.go:26.30,28.2 1 1
github.com/heathcliff26/go-minesweeper/pkg/minesweeper/utils.go:32.50,37.31 4 1
github.com/heathcliff26/go-minesweeper/pkg/minesweeper/utils.go:37.31,39.33 2 1
github.com/heathcliff26/go-minesweeper/pkg/minesweeper/utils.go:39.33,41.4 1 1
github.com/heathcliff26/go-minesweeper/pkg/minesweeper/utils.go:42.3,42.27 1 1
github.com/heathcliff26/go-minesweeper/pkg/minesweeper/utils.go:44.2,44.26 1 1
github.com/heathcliff26/go-minesweeper/pkg/minesweeper/utils.go:48.40,49.9 1 1
github.com/heathcliff26/go-minesweeper/pkg/minesweeper/utils.go:50.18,51.16 1 1
github.com/heathcliff26/go-minesweeper/pkg/minesweeper/utils.go:52.21,53.19 1 1
github.com/heathcliff26/go-minesweeper/pkg/minesweeper/utils.go:54.25,55.31 1 1
github.com/heathcliff26/go-minesweeper/pkg/minesweeper/utils.go:56.10,57.59 1 1
github.com/heathcliff26/go-minesweeper/pkg/minesweeper/utils.go:62.44,64.2 1 1
github.com/heathcliff26/go-minesweeper/pkg/minesweeper/utils.go:67.54,68.30 1 1
github.com/heathcliff26/go-minesweeper/pkg/minesweeper/utils.go:68.30,69.31 1 1
github.com/heathcliff26/go-minesweeper/pkg/minesweeper/utils.go:69.31,71.4 1 1
github.com/heathcliff26/go-minesweeper/pkg/minesweeper/utils.go:77.49,80.114 2 1
github.com/heathcliff26/go-minesweeper/pkg/minesweeper/utils.go:80.114,81.29 1 1
github.com/heathcliff26/go-minesweeper/pkg/minesweeper/utils.go:81.29,83.4 1 1
github.com/heathcliff26/go-minesweeper/pkg/minesweeper/utils.go:86.2,86.16 1 1
github.com/heathcliff26/go-minesweeper/pkg/minesweeper/utils.go:90.47,92.26 2 1
github.com/heathcliff26/go-minesweeper/pkg/minesweeper/utils.go:92.26,93.27 1 1
github.com/heathcliff26/go-minesweeper/pkg/minesweeper/utils.go:93.27,95.26 2 1
github.com/heathcliff26/go-minesweeper/pkg/minesweeper/utils.go:95.26,97.5 1 1
github.com/heathcliff26/go-minesweeper/pkg/minesweeper/utils.go:100.2,100.13 1 1
github.com/heathcliff26/go-minesweeper/pkg/app/app.go:44.17,63.2 11 1
github.com/heathcliff26/go-minesweeper/pkg/app/app.go:66.21,68.2 1 0
github.com/heathcliff26/go-minesweeper/pkg/app/app.go:71.26,73.50 1 1
github.com/heathcliff26/go-minesweeper/pkg/app/app.go:73.50,75.3 1 1
github.com/heathcliff26/go-minesweeper/pkg/app/app.go:76.2,76.52 1 1
github.com/heathcliff26/go-minesweeper/pkg/app/app.go:76.52,78.3 1 1
github.com/heathcliff26/go-minesweeper/pkg/app/app.go:79.2,86.33 7 1
github.com/heathcliff26/go-minesweeper/pkg/app/app.go:86.33,88.24 2 1
github.com/heathcliff26/go-minesweeper/pkg/app/app.go:88.24,89.20 1 1
github.com/heathcliff26/go-minesweeper/pkg/app/app.go:89.20,91.5 1 0
github.com/heathcliff26/go-minesweeper/pkg/app/app.go:92.4,92.37 1 1
github.com/heathcliff26/go-minesweeper/pkg/app/app.go:92.37,94.5 1 1
github.com/heathcliff26/go-minesweeper/pkg/app/app.go:95.4,95.16 1 1
github.com/heathcliff26/go-minesweeper/pkg/app/app.go:97.3,98.38 2 1
github.com/heathcliff26/go-minesweeper/pkg/app/app.go:100.2,105.66 5 1
github.com/heathcliff26/go-minesweeper/pkg/app/app.go:105.66,108.48 3 1
github.com/heathcliff26/go-minesweeper/pkg/app/app.go:108.48,110.4 1 0
github.com/heathcliff26/go-minesweeper/pkg/app/app.go:112.2,113.65 2 1
github.com/heathcliff26/go-minesweeper/pkg/app/app.go:113.65,115.3 1 1
github.com/heathcliff26/go-minesweeper/pkg/app/app.go:116.2,116.61 1 1
github.com/heathcliff26/go-minesweeper/pkg/app/app.go:116.61,118.3 1 1
github.com/heathcliff26/go-minesweeper/pkg/app/app.go:119.2,119.60 1 1
github.com/heathcliff26/go-minesweeper/pkg/app/app.go:119.60,121.3 1 1
github.com/heathcliff26/go-minesweeper/pkg/app/app.go:122.2,124.52 3 1
github.com/heathcliff26/go-minesweeper/pkg/app/app.go:124.52,125.13 1 0
github.com/heathcliff26/go-minesweeper/pkg/app/app.go:125.13,126.50 1 0
github.com/heathcliff26/go-minesweeper/pkg/app/app.go:126.50,128.5 1 0
github.com/heathcliff26/go-minesweeper/pkg/app/app.go:131.2,133.42 2 1
github.com/heathcliff26/go-minesweeper/pkg/app/app.go:133.42,134.13 1 0
github.com/heathcliff26/go-minesweeper/pkg/app/app.go:134.13,135.22 1 0
github.com/heathcliff26/go-minesweeper/pkg/app/app.go:135.22,137.5 1 0
github.com/heathcliff26/go-minesweeper/pkg/app/app.go:140.2,140.44 1 1
github.com/heathcliff26/go-minesweeper/pkg/app/app.go:140.44,143.3 2 0
github.com/heathcliff26/go-minesweeper/pkg/app/app.go:144.2,146.81 2 1
github.com/heathcliff26/go-minesweeper/pkg/app/app.go:150.28,156.2 4 1
github.com/heathcliff26/go-minesweeper/pkg/app/app.go:159.40,171.100 10 0
github.com/heathcliff26/go-minesweeper/pkg/app/app.go:171.100,172.10 1 0
github.com/heathcliff26/go-minesweeper/pkg/app/app.go:172.10,174.4 1 0
github.com/heathcliff26/go-minesweeper/pkg/app/app.go:175.3,176.17 2 0
github.com/heathcliff26/go-minesweeper/pkg/app/app.go:176.17,179.4 2 0
github.com/heathcliff26/go-minesweeper/pkg/app/app.go:181.3,181.36 1 0
github.com/heathcliff26/go-minesweeper/pkg/app/app.go:181.36,183.4 1 0
github.com/heathcliff26/go-minesweeper/pkg/app/app.go:184.3,184.15 1 0
github.com/heathcliff26/go-minesweeper/pkg/app/app.go:186.2,186.19 1 0
github.com/heathcliff26/go-minesweeper/pkg/app/app.go:189.26,191.16 2 0
github.com/heathcliff26/go-minesweeper/pkg/app/app.go:191.16,194.3 2 0
github.com/heathcliff26/go-minesweeper/pkg/app/app.go:195.2,195.16 1 0
github.com/heathcliff26/go-minesweeper/pkg/app/app.go:195.16,197.3 1 0
github.com/heathcliff26/go-minesweeper/pkg/app/app.go:199.2,200.16 2 0
github.com/heathcliff26/go-minesweeper/pkg/app/app.go:200.16,203.3 2 0
github.com/heathcliff26/go-minesweeper/pkg/app/app.go:205.2,205.35 1 0
github.com/heathcliff26/go-minesweeper/pkg/app/app.go:205.35,207.3 1 0
github.com/heathcliff26/go-minesweeper/pkg/app/app.go:208.2,210.27 2 0
github.com/heathcliff26/go-minesweeper/pkg/app/app.go:213.26,214.24 1 0
github.com/heathcliff26/go-minesweeper/pkg/app/app.go:214.24,218.3 3 0
github.com/heathcliff26/go-minesweeper/pkg/app/app.go:219.2,220.16 2 0
github.com/heathcliff26/go-minesweeper/pkg/app/app.go:220.16,223.3 2 0
github.com/heathcliff26/go-minesweeper/pkg/app/app.go:224.2,224.16 1 0
github.com/heathcliff26/go-minesweeper/pkg/app/app.go:224.16,226.3 1 0
github.com/heathcliff26/go-minesweeper/pkg/app/app.go:228.2,229.16 2 0
github.com/heathcliff26/go-minesweeper/pkg/app/app.go:229.16,232.3 2 0
github.com/heathcliff26/go-minesweeper/pkg/app/app.go:234.2,235.16 2 0
github.com/heathcliff26/go-minesweeper/pkg/app/app.go:235.16,238.3 2 0
github.com/heathcliff26/go-minesweeper/pkg/app/app.go:240.2,241.16 2 0
github.com/heathcliff26/go-minesweeper/pkg/app/app.go:241.16,244.3 2 0
github.com/heathcliff26/go-minesweeper/pkg/app/app.go:247.49,249.40 2 1
github.com/heathcliff26/go-minesweeper/pkg/app/app.go:249.40,250.19 1 1
github.com/heathcliff26/go-minesweeper/pkg/app/app.go:250.19,252.4 1 1
github.com/heathcliff26/go-minesweeper/pkg/app/app.go:254.2,254.16 1 1
github.com/heathcliff26/go-minesweeper/pkg/app/app.go:257.40,258.40 1 1
github.com/heathcliff26/go-minesweeper/pkg/app/app.go:258.40,260.3 1 1
github.com/heathcliff26/go-minesweeper/pkg/app/app.go:261.2,261.27 1 1
github.com/heathcliff26/go-minesweeper/pkg/app/button.go:21.71,28.2 3 1
github.com/heathcliff26/go-minesweeper/pkg/app/button.go:31.55,33.2 1 1
github.com/heathcliff26/go-minesweeper/pkg/app/button.go:36.45,38.2 1 1
github.com/heathcliff26/go-minesweeper/pkg/app/button.go:41.55,41.56 0 0
github.com/heathcliff26/go-minesweeper/pkg/app/button.go:44.39,47.2 2 1
github.com/heathcliff26/go-minesweeper/pkg/app/counter.go:20.37,25.2 1 1
github.com/heathcliff26/go-minesweeper/pkg/app/counter.go:28.35,34.2 4 1
github.com/heathcliff26/go-minesweeper/pkg/app/counter.go:37.29,38.17 1 1
github.com/heathcliff26/go-minesweeper/pkg/app/counter.go:38.17,40.3 1 1
github.com/heathcliff26/go-minesweeper/pkg/app/counter.go:40.8,42.3 1 1
github.com/heathcliff26/go-minesweeper/pkg/app/counter.go:43.2,43.19 1 1
github.com/heathcliff26/go-minesweeper/pkg/app/counter.go:47.25,53.2 4 1
github.com/heathcliff26/go-minesweeper/pkg/app/counter.go:56.25,62.2 4 1
github.com/heathcliff26/go-minesweeper/pkg/app/grid.go:58.87,71.34 5 1
github.com/heathcliff26/go-minesweeper/pkg/app/grid.go:71.34,72.35 1 1
github.com/heathcliff26/go-minesweeper/pkg/app/grid.go:72.35,74.4 1 1
github.com/heathcliff26/go-minesweeper/pkg/app/grid.go:77.2,77.13 1 1
github.com/heathcliff26/go-minesweeper/pkg/app/grid.go:81.63,90.31 6 1
github.com/heathcliff26/go-minesweeper/pkg/app/grid.go:90.31,92.32 2 1
github.com/heathcliff26/go-minesweeper/pkg/app/grid.go:92.32,94.4 1 1
github.com/heathcliff26/go-minesweeper/pkg/app/grid.go:95.3,95.58 1 1
github.com/heathcliff26/go-minesweeper/pkg/app/grid.go:97.2,98.38 2 1
github.com/heathcliff26/go-minesweeper/pkg/app/grid.go:104.59,108.19 3 1
github.com/heathcliff26/go-minesweeper/pkg/app/grid.go:108.19,109.26 1 1
github.com/heathcliff26/go-minesweeper/pkg/app/grid.go:110.29,111.62 1 1
github.com/heathcliff26/go-minesweeper/pkg/app/grid.go:112.30,113.63 1 1
github.com/heathcliff26/go-minesweeper/pkg/app/grid.go:114.30,115.59 1 1
github.com/heathcliff26/go-minesweeper/pkg/app/grid.go:116.11,118.10 2 1
github.com/heathcliff26/go-minesweeper/pkg/app/grid.go:121.2,121.24 1 1
github.com/heathcliff26/go-minesweeper/pkg/app/grid.go:121.24,123.3 1 1
github.com/heathcliff26/go-minesweeper/pkg/app/grid.go:125.2,128.13 3 1
github.com/heathcliff26/go-minesweeper/pkg/app/grid.go:128.13,131.3 2 1
github.com/heathcliff26/go-minesweeper/pkg/app/grid.go:133.2,133.26 1 1
github.com/heathcliff26/go-minesweeper/pkg/app/grid.go:133.26,135.3 1 1
github.com/heathcliff26/go-minesweeper/pkg/app/grid.go:139.62,145.26 5 1
github.com/heathcliff26/go-minesweeper/pkg/app/grid.go:145.26,146.27 1 1
github.com/heathcliff26/go-minesweeper/pkg/app/grid.go:146.27,150.25 4 1
github.com/heathcliff26/go-minesweeper/pkg/app/grid.go:150.25,151.36 1 1
github.com/heathcliff26/go-minesweeper/pkg/app/grid.go:151.36,153.14 2 1
github.com/heathcliff26/go-minesweeper/pkg/app/grid.go:155.5,155.39 1 1
github.com/heathcliff26/go-minesweeper/pkg/app/grid.go:155.39,156.14 1 1
github.com/heathcliff26/go-minesweeper/pkg/app/grid.go:158.5,158.39 1 1
github.com/heathcliff26/go-minesweeper/pkg/app/grid.go:163.2,163.46 1 1
github.com/heathcliff26/go-minesweeper/pkg/app/grid.go:163.46,165.3 1 0
github.com/heathcliff26/go-minesweeper/pkg/app/grid.go:167.2,167.31 1 1
github.com/heathcliff26/go-minesweeper/pkg/app/grid.go:167.31,169.3 1 1
github.com/heathcliff26/go-minesweeper/pkg/app/grid.go:170.2,172.26 2 1
github.com/heathcliff26/go-minesweeper/pkg/app/grid.go:172.26,174.3 1 1
github.com/heathcliff26/go-minesweeper/pkg/app/grid.go:178.67,179.14 1 1
github.com/heathcliff26/go-minesweeper/pkg/app/grid.go:179.14,181.3 1 1
github.com/heathcliff26/go-minesweeper/pkg/app/grid.go:183.2,188.33 4 1
github.com/heathcliff26/go-minesweeper/pkg/app/grid.go:188.33,189.10 1 1
github.com/heathcliff26/go-minesweeper/pkg/app/grid.go:190.20,192.43 2 1
github.com/heathcliff26/go-minesweeper/pkg/app/grid.go:193.21,195.44 2 1
github.com/heathcliff26/go-minesweeper/pkg/app/grid.go:197.3,197.17 1 1
github.com/heathcliff26/go-minesweeper/pkg/app/grid.go:198.8,198.27 1 1
github.com/heathcliff26/go-minesweeper/pkg/app/grid.go:198.27,201.13 3 1
github.com/heathcliff26/go-minesweeper/pkg/app/grid.go:201.13,203.39 2 1
github.com/heathcliff26/go-minesweeper/pkg/app/grid.go:203.39,205.5 1 1
github.com/heathcliff26/go-minesweeper/pkg/app/grid.go:207.3,207.13 1 1
github.com/heathcliff26/go-minesweeper/pkg/app/grid.go:207.13,209.41 2 1
github.com/heathcliff26/go-minesweeper/pkg/app/grid.go:209.41,211.5 1 1
github.com/heathcliff26/go-minesweeper/pkg/app/grid.go:215.2,215.42 1 1
github.com/heathcliff26/go-minesweeper/pkg/app/grid.go:215.42,217.29 2 1
github.com/heathcliff26/go-minesweeper/pkg/app/grid.go:217.29,218.30 1 1
github.com/heathcliff26/go-minesweeper/pkg/app/grid.go:218.30,219.13 1 1
github.com/heathcliff26/go-minesweeper/pkg/app/grid.go:220.10,222.5 1 1
github.com/heathcliff26/go-minesweeper/pkg/app/grid.go:224.3,226.43 2 1
github.com/heathcliff26/go-minesweeper/pkg/app/grid.go:226.43,228.30 2 1
github.com/heathcliff26/go-minesweeper/pkg/app/grid.go:228.30,229.31 1 1
github.com/heathcliff26/go-minesweeper/pkg/app/grid.go:229.31,230.14 1 1
github.com/heathcliff26/go-minesweeper/pkg/app/grid.go:231.11,233.6 1 1
github.com/heathcliff26/go-minesweeper/pkg/app/grid.go:236.4,239.82 3 1
github.com/heathcliff26/go-minesweeper/pkg/app/grid.go:243.2,244.31 2 1
github.com/heathcliff26/go-minesweeper/pkg/app/grid.go:248.114,250.33 2 1
github.com/heathcliff26/go-minesweeper/pkg/app/grid.go:250.33,251.34 1 1
github.com/heathcliff26/go-minesweeper/pkg/app/grid.go:251.34,252.52 1 1
github.com/heathcliff26/go-minesweeper/pkg/app/grid.go:252.52,253.13 1 1
github.com/heathcliff26/go-minesweeper/pkg/app/grid.go:255.4,255.41 1 1
github.com/heathcliff26/go-minesweeper/pkg/app/grid.go:261.37,263.2 1 1
github.com/heathcliff26/go-minesweeper/pkg/app/grid.go:266.37,268.2 1 1
github.com/heathcliff26/go-minesweeper/pkg/app/grid.go:271.37,278.2 5 1
github.com/heathcliff26/go-minesweeper/pkg/app/grid.go:281.36,286.19 4 1
github.com/heathcliff26/go-minesweeper/pkg/app/grid.go:286.19,288.3 1 1
github.com/heathcliff26/go-minesweeper/pkg/app/grid.go:289.2,289.11 1 1
github.com/heathcliff26/go-minesweeper/pkg/app/grid.go:293.35,297.31 3 1
github.com/heathcliff26/go-minesweeper/pkg/app/grid.go:297.31,298.32 1 1
github.com/heathcliff26/go-minesweeper/pkg/app/grid.go:298.32,300.4 1 1
github.com/heathcliff26/go-minesweeper/pkg/app/grid.go:302.2,306.26 5 1
github.com/heathcliff26/go-minesweeper/pkg/app/grid.go:311.63,313.2 1 1
github.com/heathcliff26/go-minesweeper/pkg/app/grid.go:317.39,320.19 2 1
github.com/heathcliff26/go-minesweeper/pkg/app/grid.go:320.19,322.3 1 1
github.com/heathcliff26/go-minesweeper/pkg/app/grid.go:323.2,327.45 3 1
github.com/heathcliff26/go-minesweeper/pkg/app/grid.go:327.45,329.3 1 1
github.com/heathcliff26/go-minesweeper/pkg/app/grid.go:331.2,334.40 3 1
github.com/heathcliff26/go-minesweeper/pkg/app/grid.go:334.40,336.21 2 1
github.com/heathcliff26/go-minesweeper/pkg/app/grid.go:336.21,337.12 1 1
github.com/heathcliff26/go-minesweeper/pkg/app/grid.go:339.3,340.14 2 1
github.com/heathcliff26/go-minesweeper/pkg/app/grid.go:342.2,343.22 2 1
github.com/heathcliff26/go-minesweeper/pkg/app/grid.go:343.22,346.3 2 1
github.com/heathcliff26/go-minesweeper/pkg/app/grid.go:347.2,347.14 1 1
github.com/heathcliff26/go-minesweeper/pkg/app/grid.go:353.63,356.19 2 1
github.com/heathcliff26/go-minesweeper/pkg/app/grid.go:356.19,360.3 3 1
github.com/heathcliff26/go-minesweeper/pkg/app/grid.go:361.2,365.14 3 1
github.com/heathcliff26/go-minesweeper/pkg/app/grid.go:365.14,368.3 2 1
github.com/heathcliff26/go-minesweeper/pkg/app/grid.go:369.2,369.33 1 1
github.com/heathcliff26/go-minesweeper/pkg/app/grid.go:369.33,372.3 2 1
github.com/heathcliff26/go-minesweeper/pkg/app/grid.go:374.2,376.15 3 1
github.com/heathcliff26/go-minesweeper/pkg/app/grid.go:376.15,378.3 1 1
github.com/heathcliff26/go-minesweeper/pkg/app/grid.go:379.2,381.124 2 1
github.com/heathcliff26/go-minesweeper/pkg/app/grid.go:381.124,385.29 3 1
github.com/heathcliff26/go-minesweeper/pkg/app/grid.go:385.29,386.35 1 1
github.com/heathcliff26/go-minesweeper/pkg/app/grid.go:386.35,387.10 1 0
github.com/heathcliff26/go-minesweeper/pkg/app/grid.go:390.4,390.35 1 1
github.com/heathcliff26/go-minesweeper/pkg/app/grid.go:390.35,391.13 1 1
github.com/heathcliff26/go-minesweeper/pkg/app/grid.go:393.4,394.21 2 1
github.com/heathcliff26/go-minesweeper/pkg/app/grid.go:397.3,398.30 2 1
github.com/heathcliff26/go-minesweeper/pkg/app/grid.go:398.30,399.35 1 1
github.com/heathcliff26/go-minesweeper/pkg/app/grid.go:399.35,400.10 1 1
github.com/heathcliff26/go-minesweeper/pkg/app/grid.go:402.4,403.19 2 1
github.com/heathcliff26/go-minesweeper/pkg/app/grid.go:406.3,406.6 1 1
github.com/heathcliff26/go-minesweeper/pkg/app/grid.go:409.2,409.33 1 1
github.com/heathcliff26/go-minesweeper/pkg/app/grid.go:409.33,412.3 2 1
github.com/heathcliff26/go-minesweeper/pkg/app/grid.go:414.2,415.40 2 1
github.com/heathcliff26/go-minesweeper/pkg/app/grid.go:415.40,418.3 2 1
github.com/heathcliff26/go-minesweeper/pkg/app/grid.go:420.2,421.13 2 1
github.com/heathcliff26/go-minesweeper/pkg/app/tile.go:80.53,92.2 3 1
github.com/heathcliff26/go-minesweeper/pkg/app/tile.go:95.53,113.2 13 1
github.com/heathcliff26/go-minesweeper/pkg/app/tile.go:116.43,117.35 1 1
github.com/heathcliff26/go-minesweeper/pkg/app/tile.go:117.35,119.3 1 1
github.com/heathcliff26/go-minesweeper/pkg/app/tile.go:120.2,120.29 1 1
github.com/heathcliff26/go-minesweeper/pkg/app/tile.go:124.52,125.20 1 1
github.com/heathcliff26/go-minesweeper/pkg/app/tile.go:125.20,127.3 1 1
github.com/heathcliff26/go-minesweeper/pkg/app/tile.go:129.2,129.51 1 1
github.com/heathcliff26/go-minesweeper/pkg/app/tile.go:129.51,131.3 1 1
github.com/heathcliff26/go-minesweeper/pkg/app/tile.go:133.2,133.25 1 1
github.com/heathcliff26/go-minesweeper/pkg/app/tile.go:137.49,138.38 1 1
github.com/heathcliff26/go-minesweeper/pkg/app/tile.go:138.38,140.3 1 1
github.com/heathcliff26/go-minesweeper/pkg/app/tile.go:142.2,142.32 1 1
github.com/heathcliff26/go-minesweeper/pkg/app/tile.go:146.32,155.9 7 1
github.com/heathcliff26/go-minesweeper/pkg/app/tile.go:156.35,157.10 1 1
github.com/heathcliff26/go-minesweeper/pkg/app/tile.go:158.74,159.53 1 1
github.com/heathcliff26/go-minesweeper/pkg/app/tile.go:160.39,161.54 1 1
github.com/heathcliff26/go-minesweeper/pkg/app/tile.go:162.11,163.46 1 1
github.com/heathcliff26/go-minesweeper/pkg/app/tile.go:165.3,165.24 1 1
github.com/heathcliff26/go-minesweeper/pkg/app/tile.go:166.108,169.25 3 1
github.com/heathcliff26/go-minesweeper/pkg/app/tile.go:170.39,173.18 3 1
github.com/heathcliff26/go-minesweeper/pkg/app/tile.go:173.18,175.4 1 1
github.com/heathcliff26/go-minesweeper/pkg/app/tile.go:176.57,180.47 4 1
github.com/heathcliff26/go-minesweeper/pkg/app/tile.go:181.19,182.47 1 1
github.com/heathcliff26/go-minesweeper/pkg/app/tile.go:187.24,193.2 5 1
github.com/heathcliff26/go-minesweeper/pkg/app/tile.go:196.31,198.2 1 1
github.com/heathcliff26/go-minesweeper/pkg/app/tile.go:201.51,203.2 1 1
github.com/heathcliff26/go-minesweeper/pkg/app/tile.go:206.46,207.18 1 1
github.com/heathcliff26/go-minesweeper/pkg/app/tile.go:207.18,209.3 1 1
github.com/heathcliff26/go-minesweeper/pkg/app/tile.go:210.2,211.19 2 1
github.com/heathcliff26/go-minesweeper/pkg/app/tile.go:215.31,220.2 3 1
github.com/heathcliff26/go-minesweeper/pkg/app/tile.go:223.29,225.20 2 1
github.com/heathcliff26/go-minesweeper/pkg/app/tile.go:225.20,228.3 2 1
github.com/heathcliff26/go-minesweeper/pkg/app/tile.go:230.2,230.15 1 1
github.com/heathcliff26/go-minesweeper/pkg/app/tile.go:230.15,232.3 1 1
github.com/heathcliff26/go-minesweeper/pkg/app/tile.go:232.8,234.3 1 1
github.com/heathcliff26/go-minesweeper/pkg/app/tile.go:235.2,238.19 3 1
github.com/heathcliff26/go-minesweeper/pkg/app/tile.go:242.38,244.2 1 1
github.com/heathcliff26/go-minesweeper/pkg/app/tile.go:247.36,248.22 1 1
github.com/heathcliff26/go-minesweeper/pkg/app/tile.go:248.22,250.3 1 1
github.com/heathcliff26/go-minesweeper/pkg/app/tile.go:251.2,252.19 2 1
github.com/heathcliff26/go-minesweeper/pkg/app/tile.go:256.34,258.2 1 1
github.com/heathcliff26/go-minesweeper/pkg/app/tile.go:261.36,262.24 1 1
github.com/heathcliff26/go-minesweeper/pkg/app/tile.go:262.24,264.3 1 1
github.com/heathcliff26/go-minesweeper/pkg/app/tile.go:265.2,265.14 1 1
github.com/heathcliff26/go-minesweeper/pkg/app/timer.go:22.24,28.2 1 1
github.com/heathcliff26/go-minesweeper/pkg/app/timer.go:31.25,35.15 3 1
github.com/heathcliff26/go-minesweeper/pkg/app/timer.go:35.15,37.3 1 1
github.com/heathcliff26/go-minesweeper/pkg/app/timer.go:39.2,41.12 3 1
github.com/heathcliff26/go-minesweeper/pkg/app/timer.go:41.12,43.7 2 1
github.com/heathcliff26/go-minesweeper/pkg/app/timer.go:43.7,44.11 1 1
github.com/heathcliff26/go-minesweeper/pkg/app/timer.go:45.24,47.11 2 1
github.com/heathcliff26/go-minesweeper/pkg/app/timer.go:48.20,50.16 2 1
github.com/heathcliff26/go-minesweeper/pkg/app/timer.go:57.24,62.2 3 1
github.com/heathcliff26/go-minesweeper/pkg/app/timer.go:65.25,72.2 5 1
github.com/heathcliff26/go-minesweeper/pkg/app/timer.go:75.24,76.17 1 1
github.com/heathcliff26/go-minesweeper/pkg/app/timer.go:76.17,80.3 3 1
github.com/heathcliff26/go-minesweeper/pkg/app/timer.go:84.32,86.2 1 1
github.com/heathcliff26/go-minesweeper/pkg/app/timer.go:89.27,92.2 2 1
github.com/heathcliff26/go-minesweeper/pkg/app/utils.go:22.39,25.42 3 1
github.com/heathcliff26/go-minesweeper/pkg/app/utils.go:25.42,26.33 1 0
github.com/heathcliff26/go-minesweeper/pkg/app/utils.go:26.33,28.9 2 0
github.com/heathcliff26/go-minesweeper/pkg/app/utils.go:31.2,31.21 1 1
github.com/heathcliff26/go-minesweeper/pkg/app/utils.go:31.21,33.3 1 0
github.com/heathcliff26/go-minesweeper/pkg/app/utils.go:35.2,38.16 3 1
github.com/heathcliff26/go-minesweeper/pkg/app/utils.go:38.16,40.3 1 1
github.com/heathcliff26/go-minesweeper/pkg/app/utils.go:42.2,47.3 1 1
github.com/heathcliff26/go-minesweeper/pkg/app/utils.go:51.53,65.2 11 0
github.com/heathcliff26/go-minesweeper/pkg/app/utils.go:68.42,72.2 3 1
github.com/heathcliff26/go-minesweeper/pkg/app/utils.go:75.64,82.2 6 1
github.com/heathcliff26/go-minesweeper/pkg/app/utils.go:85.45,90.2 4 1
github.com/heathcliff26/go-minesweeper/pkg/app/filedialog/dialog.go:22.87,26.66 4 0
github.com/heathcliff26/go-minesweeper/pkg/app/filedialog/dialog.go:26.66,28.17 2 0
github.com/heathcliff26/go-minesweeper/pkg/app/filedialog/dialog.go:28.17,31.4 2 0
github.com/heathcliff26/go-minesweeper/pkg/app/filedialog/dialog.go:32.3,32.17 1 0
github.com/heathcliff26/go-minesweeper/pkg/app/filedialog/dialog.go:32.17,35.4 2 0
github.com/heathcliff26/go-minesweeper/pkg/app/filedialog/dialog.go:37.3,37.48 1 0
github.com/heathcliff26/go-minesweeper/pkg/app/filedialog/dialog.go:40.2,41.16 2 0
github.com/heathcliff26/go-minesweeper/pkg/app/filedialog/dialog.go:41.16,43.3 1 0
github.com/heathcliff26/go-minesweeper/pkg/app/filedialog/dialog.go:45.2,45.23 1 0
github.com/heathcliff26/go-minesweeper/pkg/app/filedialog/dialog.go:45.23,46.13 1 0
github.com/heathcliff26/go-minesweeper/pkg/app/filedialog/dialog.go:46.13,48.4 1 0
github.com/heathcliff26/go-minesweeper/pkg/app/filedialog/dialog.go:49.3,49.27 1 0
github.com/heathcliff26/go-minesweeper/pkg/app/filedialog/dialog.go:52.2,53.34 2 0
github.com/heathcliff26/go-minesweeper/pkg/app/filedialog/dialog.go:57.87,61.67 4 0
github.com/heathcliff26/go-minesweeper/pkg/app/filedialog/dialog.go:61.67,63.17 2 0
github.com/heathcliff26/go-minesweeper/pkg/app/filedialog/dialog.go:63.17,66.4 2 0
github.com/heathcliff26/go-minesweeper/pkg/app/filedialog/dialog.go:67.3,67.17 1 0
github.com/heathcliff26/go-minesweeper/pkg/app/filedialog/dialog.go:67.17,70.4 2 0
github.com/heathcliff26/go-minesweeper/pkg/app/filedialog/dialog.go:72.3,73.14 2 0
github.com/heathcliff26/go-minesweeper/pkg/app/filedialog/dialog.go:76.2,77.16 2 0
github.com/heathcliff26/go-minesweeper/pkg/app/filedialog/dialog.go:77.16,79.3 1 0
github.com/heathcliff26/go-minesweeper/pkg/app/filedialog/dialog.go:81.2,81.23 1 0
github.com/heathcliff26/go-minesweeper/pkg/app/filedialog/dialog.go:81.23,82.13 1 0
github.com/heathcliff26/go-minesweeper/pkg/app/filedialog/dialog.go:82.13,84.4 1 0
github.com/heathcliff26/go-minesweeper/pkg/app/filedialog/dialog.go:85.3,85.27 1 0
github.com/heathcliff26/go-minesweeper/pkg/app/filedialog/dialog.go:88.2,89.34 2 0
github.com/heathcliff26/go-minesweeper/pkg/app/filedialog/dialog.go:95.69,97.16 2 0
github.com/heathcliff26/go-minesweeper/pkg/app/filedialog/dialog.go:97.16,99.3 1 0
github.com/heathcliff26/go-minesweeper/pkg/app/filedialog/dialog.go:100.2,101.16 2 0
github.com/heathcliff26/go-minesweeper/pkg/app/filedialog/dialog.go:101.16,103.3 1 0
github.com/heathcliff26/go-minesweeper/pkg/app/filedialog/dialog.go:104.2,106.12 2 0
github.com/heathcliff26/go-minesweeper/pkg/app/filedialog/dialog.go:109.107,112.25 2 0
github.com/heathcliff26/go-minesweeper/pkg/app/filedialog/dialog.go:112.25,114.17 2 0
github.com/heathcliff26/go-minesweeper/pkg/app/filedialog/dialog.go:114.17,116.4 1 0
github.com/heathcliff26/go-minesweeper/pkg/app/filedialog/dialog.go:117.3,117.22 1 0
github.com/heathcliff26/go-minesweeper/pkg/app/filedialog/dialog.go:119.2,120.16 2 0
github.com/heathcliff26/go-minesweeper/pkg/app/filedialog/dialog.go:120.16,122.3 1 0
github.com/heathcliff26/go-minesweeper/pkg/app/filedialog/dialog.go:124.2,124.23 1 0
github.com/heathcliff26/go-minesweeper/pkg/app/filedialog/dialog.go:124.23,126.3 1 0
github.com/heathcliff26/go-minesweeper/pkg/app/filedialog/dialog.go:128.2,134.12 6 0
