mode: set
github.com/heathcliff26/go-minesweeper/pkg/utils/utils.go:4.36,5.20 1 1
github.com/heathcliff26/go-minesweeper/pkg/utils/utils.go:5.20,7.3 1 1
github.com/heathcliff26/go-minesweeper/pkg/utils/utils.go:9.2,12.25 3 1
github.com/heathcliff26/go-minesweeper/pkg/utils/utils.go:12.25,14.3 1 1
github.com/heathcliff26/go-minesweeper/pkg/utils/utils.go:15.2,15.15 1 1
github.com/heathcliff26/go-minesweeper/pkg/minesweeper/difficulty.go:46.34,50.2 3 1
github.com/heathcliff26/go-minesweeper/pkg/minesweeper/game.go:44.52,53.29 3 1
github.com/heathcliff26/go-minesweeper/pkg/minesweeper/game.go:53.29,55.3 1 1
github.com/heathcliff26/go-minesweeper/pkg/minesweeper/game.go:57.2,57.29 1 1
github.com/heathcliff26/go-minesweeper/pkg/minesweeper/game.go:57.29,58.36 1 1
github.com/heathcliff26/go-minesweeper/pkg/minesweeper/game.go:58.36,60.4 1 1
github.com/heathcliff26/go-minesweeper/pkg/minesweeper/game.go:62.3,62.73 1 1
github.com/heathcliff26/go-minesweeper/pkg/minesweeper/game.go:65.2,65.10 1 1
github.com/heathcliff26/go-minesweeper/pkg/minesweeper/game.go:70.42,71.29 1 1
github.com/heathcliff26/go-minesweeper/pkg/minesweeper/game.go:71.29,73.3 1 1
github.com/heathcliff26/go-minesweeper/pkg/minesweeper/game.go:75.2,77.39 2 1
github.com/heathcliff26/go-minesweeper/pkg/minesweeper/game.go:77.39,80.3 2 1
github.com/heathcliff26/go-minesweeper/pkg/minesweeper/game.go:82.2,84.19 2 1
github.com/heathcliff26/go-minesweeper/pkg/minesweeper/game.go:89.35,94.36 3 1
github.com/heathcliff26/go-minesweeper/pkg/minesweeper/game.go:94.36,96.3 1 1
github.com/heathcliff26/go-minesweeper/pkg/minesweeper/game.go:98.2,100.26 2 1
github.com/heathcliff26/go-minesweeper/pkg/minesweeper/game.go:100.26,101.27 1 1
github.com/heathcliff26/go-minesweeper/pkg/minesweeper/game.go:101.27,102.24 1 1
github.com/heathcliff26/go-minesweeper/pkg/minesweeper/game.go:102.24,103.13 1 1
github.com/heathcliff26/go-minesweeper/pkg/minesweeper/game.go:105.4,106.24 2 1
github.com/heathcliff26/go-minesweeper/pkg/minesweeper/game.go:106.24,107.13 1 1
github.com/heathcliff26/go-minesweeper/pkg/minesweeper/game.go:109.4,109.34 1 1
github.com/heathcliff26/go-minesweeper/pkg/minesweeper/game.go:109.34,111.5 1 1
github.com/heathcliff26/go-minesweeper/pkg/minesweeper/game.go:117.40,120.2 2 1
github.com/heathcliff26/go-minesweeper/pkg/minesweeper/game.go:123.33,134.29 5 1
github.com/heathcliff26/go-minesweeper/pkg/minesweeper/game.go:134.29,136.55 2 1
github.com/heathcliff26/go-minesweeper/pkg/minesweeper/game.go:136.55,138.4 1 1
github.com/heathcliff26/go-minesweeper/pkg/minesweeper/game.go:138.9,140.4 1 1
github.com/heathcliff26/go-minesweeper/pkg/minesweeper/game.go:141.3,141.62 1 1
github.com/heathcliff26/go-minesweeper/pkg/minesweeper/game.go:141.62,143.4 1 1
github.com/heathcliff26/go-minesweeper/pkg/minesweeper/game.go:146.2,146.22 1 1
github.com/heathcliff26/go-minesweeper/pkg/minesweeper/game.go:146.22,148.30 2 1
github.com/heathcliff26/go-minesweeper/pkg/minesweeper/game.go:148.30,150.4 1 1
github.com/heathcliff26/go-minesweeper/pkg/minesweeper/game.go:153.2,153.10 1 1
github.com/heathcliff26/go-minesweeper/pkg/minesweeper/game.go:157.44,159.29 2 1
github.com/heathcliff26/go-minesweeper/pkg/minesweeper/game.go:159.29,160.30 1 1
github.com/heathcliff26/go-minesweeper/pkg/minesweeper/game.go:160.30,162.4 1 1
github.com/heathcliff26/go-minesweeper/pkg/minesweeper/game.go:167.44,169.26 2 1
github.com/heathcliff26/go-minesweeper/pkg/minesweeper/game.go:169.26,170.27 1 1
github.com/heathcliff26/go-minesweeper/pkg/minesweeper/game.go:170.27,171.43 1 1
github.com/heathcliff26/go-minesweeper/pkg/minesweeper/game.go:171.43,172.13 1 1
github.com/heathcliff26/go-minesweeper/pkg/minesweeper/game.go:174.4,174.45 1 1
github.com/heathcliff26/go-minesweeper/pkg/minesweeper/game.go:174.45,176.5 1 1
github.com/heathcliff26/go-minesweeper/pkg/minesweeper/game.go:179.2,179.10 1 1
github.com/heathcliff26/go-minesweeper/pkg/minesweeper/utils.go:15.27,17.2 1 1
github.com/heathcliff26/go-minesweeper/pkg/minesweeper/utils.go:20.36,22.2 1 1
github.com/heathcliff26/go-minesweeper/pkg/minesweeper/utils.go:25.30,27.2 1 1
github.com/heathcliff26/go-minesweeper/pkg/minesweeper/utils.go:31.45,35.31 3 1
github.com/heathcliff26/go-minesweeper/pkg/minesweeper/utils.go:35.31,37.33 2 1
github.com/heathcliff26/go-minesweeper/pkg/minesweeper/utils.go:37.33,39.4 1 1
github.com/heathcliff26/go-minesweeper/pkg/minesweeper/utils.go:40.3,40.27 1 1
github.com/heathcliff26/go-minesweeper/pkg/minesweeper/utils.go:42.2,42.18 1 1
github.com/heathcliff26/go-minesweeper/pkg/app/app.go:33.17,55.2 11 1
github.com/heathcliff26/go-minesweeper/pkg/app/app.go:58.21,60.2 1 0
github.com/heathcliff26/go-minesweeper/pkg/app/app.go:63.41,70.33 5 1
github.com/heathcliff26/go-minesweeper/pkg/app/app.go:70.33,73.24 3 1
github.com/heathcliff26/go-minesweeper/pkg/app/app.go:73.24,74.20 1 1
github.com/heathcliff26/go-minesweeper/pkg/app/app.go:74.20,76.5 1 0
github.com/heathcliff26/go-minesweeper/pkg/app/app.go:77.4,77.37 1 1
github.com/heathcliff26/go-minesweeper/pkg/app/app.go:77.37,79.5 1 1
github.com/heathcliff26/go-minesweeper/pkg/app/app.go:80.4,81.18 2 1
github.com/heathcliff26/go-minesweeper/pkg/app/app.go:83.3,84.38 2 1
github.com/heathcliff26/go-minesweeper/pkg/app/app.go:86.2,89.44 3 1
github.com/heathcliff26/go-minesweeper/pkg/app/app.go:89.44,92.3 2 0
github.com/heathcliff26/go-minesweeper/pkg/app/app.go:93.2,95.54 2 1
github.com/heathcliff26/go-minesweeper/pkg/app/app.go:99.28,105.2 4 1
github.com/heathcliff26/go-minesweeper/pkg/app/button.go:21.71,28.2 3 1
github.com/heathcliff26/go-minesweeper/pkg/app/button.go:31.55,33.2 1 1
github.com/heathcliff26/go-minesweeper/pkg/app/button.go:36.45,38.2 1 1
github.com/heathcliff26/go-minesweeper/pkg/app/button.go:41.55,41.56 0 0
github.com/heathcliff26/go-minesweeper/pkg/app/button.go:44.39,47.2 2 1
github.com/heathcliff26/go-minesweeper/pkg/app/counter.go:16.37,21.2 1 1
github.com/heathcliff26/go-minesweeper/pkg/app/counter.go:24.35,27.2 2 1
github.com/heathcliff26/go-minesweeper/pkg/app/counter.go:30.29,31.17 1 1
github.com/heathcliff26/go-minesweeper/pkg/app/counter.go:31.17,33.3 1 1
github.com/heathcliff26/go-minesweeper/pkg/app/counter.go:33.8,35.3 1 1
github.com/heathcliff26/go-minesweeper/pkg/app/counter.go:36.2,36.19 1 1
github.com/heathcliff26/go-minesweeper/pkg/app/counter.go:40.25,43.2 2 1
github.com/heathcliff26/go-minesweeper/pkg/app/counter.go:46.25,49.2 2 1
github.com/heathcliff26/go-minesweeper/pkg/app/grid.go:39.68,50.34 5 1
github.com/heathcliff26/go-minesweeper/pkg/app/grid.go:50.34,51.35 1 1
github.com/heathcliff26/go-minesweeper/pkg/app/grid.go:51.35,53.4 1 1
github.com/heathcliff26/go-minesweeper/pkg/app/grid.go:56.2,56.13 1 1
github.com/heathcliff26/go-minesweeper/pkg/app/grid.go:60.63,69.31 6 1
github.com/heathcliff26/go-minesweeper/pkg/app/grid.go:69.31,71.32 2 1
github.com/heathcliff26/go-minesweeper/pkg/app/grid.go:71.32,73.4 1 1
github.com/heathcliff26/go-minesweeper/pkg/app/grid.go:74.3,74.58 1 1
github.com/heathcliff26/go-minesweeper/pkg/app/grid.go:76.2,77.38 2 1
github.com/heathcliff26/go-minesweeper/pkg/app/grid.go:83.59,84.19 1 1
github.com/heathcliff26/go-minesweeper/pkg/app/grid.go:84.19,87.3 2 1
github.com/heathcliff26/go-minesweeper/pkg/app/grid.go:89.2,93.23 4 1
github.com/heathcliff26/go-minesweeper/pkg/app/grid.go:97.67,98.14 1 1
github.com/heathcliff26/go-minesweeper/pkg/app/grid.go:98.14,100.3 1 0
github.com/heathcliff26/go-minesweeper/pkg/app/grid.go:102.2,102.29 1 1
github.com/heathcliff26/go-minesweeper/pkg/app/grid.go:102.29,103.10 1 1
github.com/heathcliff26/go-minesweeper/pkg/app/grid.go:104.18,106.37 2 1
github.com/heathcliff26/go-minesweeper/pkg/app/grid.go:107.19,109.38 2 1
github.com/heathcliff26/go-minesweeper/pkg/app/grid.go:111.3,111.17 1 1
github.com/heathcliff26/go-minesweeper/pkg/app/grid.go:114.2,114.31 1 1
github.com/heathcliff26/go-minesweeper/pkg/app/grid.go:114.31,115.32 1 1
github.com/heathcliff26/go-minesweeper/pkg/app/grid.go:115.32,117.52 2 1
github.com/heathcliff26/go-minesweeper/pkg/app/grid.go:117.52,118.13 1 1
github.com/heathcliff26/go-minesweeper/pkg/app/grid.go:120.4,121.21 2 1
github.com/heathcliff26/go-minesweeper/pkg/app/grid.go:124.2,124.32 1 1
github.com/heathcliff26/go-minesweeper/pkg/app/grid.go:128.37,130.2 1 1
github.com/heathcliff26/go-minesweeper/pkg/app/grid.go:133.37,135.2 1 1
github.com/heathcliff26/go-minesweeper/pkg/app/grid.go:138.37,139.31 1 1
github.com/heathcliff26/go-minesweeper/pkg/app/grid.go:139.31,140.32 1 1
github.com/heathcliff26/go-minesweeper/pkg/app/grid.go:140.32,142.4 1 1
github.com/heathcliff26/go-minesweeper/pkg/app/grid.go:144.2,148.19 5 1
github.com/heathcliff26/go-minesweeper/pkg/app/grid.go:153.63,155.2 1 1
github.com/heathcliff26/go-minesweeper/pkg/app/tile.go:53.53,65.2 3 1
github.com/heathcliff26/go-minesweeper/pkg/app/tile.go:68.53,86.2 13 1
github.com/heathcliff26/go-minesweeper/pkg/app/tile.go:89.43,90.33 1 1
github.com/heathcliff26/go-minesweeper/pkg/app/tile.go:90.33,92.3 1 1
github.com/heathcliff26/go-minesweeper/pkg/app/tile.go:93.2,93.26 1 1
github.com/heathcliff26/go-minesweeper/pkg/app/tile.go:97.52,98.20 1 1
github.com/heathcliff26/go-minesweeper/pkg/app/tile.go:98.20,100.3 1 1
github.com/heathcliff26/go-minesweeper/pkg/app/tile.go:102.2,102.15 1 1
github.com/heathcliff26/go-minesweeper/pkg/app/tile.go:102.15,104.3 1 1
github.com/heathcliff26/go-minesweeper/pkg/app/tile.go:104.8,106.3 1 1
github.com/heathcliff26/go-minesweeper/pkg/app/tile.go:107.2,108.19 2 1
github.com/heathcliff26/go-minesweeper/pkg/app/tile.go:112.49,113.42 1 1
github.com/heathcliff26/go-minesweeper/pkg/app/tile.go:113.42,115.3 1 1
github.com/heathcliff26/go-minesweeper/pkg/app/tile.go:117.2,118.26 2 1
github.com/heathcliff26/go-minesweeper/pkg/app/tile.go:118.26,119.27 1 1
github.com/heathcliff26/go-minesweeper/pkg/app/tile.go:119.27,123.30 4 1
github.com/heathcliff26/go-minesweeper/pkg/app/tile.go:123.30,124.78 1 1
github.com/heathcliff26/go-minesweeper/pkg/app/tile.go:124.78,125.14 1 1
github.com/heathcliff26/go-minesweeper/pkg/app/tile.go:127.5,127.39 1 1
github.com/heathcliff26/go-minesweeper/pkg/app/tile.go:131.2,131.33 1 1
github.com/heathcliff26/go-minesweeper/pkg/app/tile.go:135.32,139.35 4 1
github.com/heathcliff26/go-minesweeper/pkg/app/tile.go:139.35,143.3 3 1
github.com/heathcliff26/go-minesweeper/pkg/app/tile.go:144.2,144.21 1 1
github.com/heathcliff26/go-minesweeper/pkg/app/tile.go:144.21,146.3 1 1
github.com/heathcliff26/go-minesweeper/pkg/app/tile.go:146.8,148.3 1 1
github.com/heathcliff26/go-minesweeper/pkg/app/tile.go:149.2,149.44 1 1
github.com/heathcliff26/go-minesweeper/pkg/app/tile.go:149.44,151.3 1 1
github.com/heathcliff26/go-minesweeper/pkg/app/tile.go:153.2,153.41 1 1
github.com/heathcliff26/go-minesweeper/pkg/app/tile.go:153.41,156.22 3 1
github.com/heathcliff26/go-minesweeper/pkg/app/tile.go:156.22,158.4 1 1
github.com/heathcliff26/go-minesweeper/pkg/app/tile.go:160.2,160.67 1 1
github.com/heathcliff26/go-minesweeper/pkg/app/tile.go:160.67,164.3 3 1
github.com/heathcliff26/go-minesweeper/pkg/app/tile.go:168.24,173.2 4 1
github.com/heathcliff26/go-minesweeper/pkg/app/tile.go:176.34,178.2 1 1
github.com/heathcliff26/go-minesweeper/pkg/app/tile.go:181.36,182.24 1 1
github.com/heathcliff26/go-minesweeper/pkg/app/tile.go:182.24,184.3 1 1
github.com/heathcliff26/go-minesweeper/pkg/app/tile.go:185.2,185.14 1 1
github.com/heathcliff26/go-minesweeper/pkg/app/timer.go:20.24,26.2 1 1
github.com/heathcliff26/go-minesweeper/pkg/app/timer.go:29.25,32.12 3 1
github.com/heathcliff26/go-minesweeper/pkg/app/timer.go:32.12,34.7 2 1
github.com/heathcliff26/go-minesweeper/pkg/app/timer.go:34.7,35.11 1 1
github.com/heathcliff26/go-minesweeper/pkg/app/timer.go:36.18,39.11 3 1
github.com/heathcliff26/go-minesweeper/pkg/app/timer.go:40.20,42.16 2 1
github.com/heathcliff26/go-minesweeper/pkg/app/timer.go:49.24,50.15 1 1
github.com/heathcliff26/go-minesweeper/pkg/app/timer.go:50.15,53.3 2 1
github.com/heathcliff26/go-minesweeper/pkg/app/timer.go:57.25,61.2 3 1
github.com/heathcliff26/go-minesweeper/pkg/app/timer.go:64.27,67.2 2 1
github.com/heathcliff26/go-minesweeper/pkg/app/utils.go:22.39,25.42 3 1
github.com/heathcliff26/go-minesweeper/pkg/app/utils.go:25.42,26.33 1 0
github.com/heathcliff26/go-minesweeper/pkg/app/utils.go:26.33,28.9 2 0
github.com/heathcliff26/go-minesweeper/pkg/app/utils.go:31.2,31.21 1 1
github.com/heathcliff26/go-minesweeper/pkg/app/utils.go:31.21,33.3 1 0
github.com/heathcliff26/go-minesweeper/pkg/app/utils.go:35.2,38.16 3 1
github.com/heathcliff26/go-minesweeper/pkg/app/utils.go:38.16,40.3 1 1
github.com/heathcliff26/go-minesweeper/pkg/app/utils.go:42.2,47.3 1 1
github.com/heathcliff26/go-minesweeper/pkg/app/utils.go:51.53,65.2 11 0
github.com/heathcliff26/go-minesweeper/pkg/app/utils.go:68.42,72.2 3 1
github.com/heathcliff26/go-minesweeper/pkg/app/utils.go:75.64,82.2 6 1
github.com/heathcliff26/go-minesweeper/pkg/app/utils.go:85.45,90.2 4 1
